definitions: spyogenes.txt
921 profiles
sourced from: https://pubmlst.org/data/profiles/spyogenes.txt

locus gki
gki.tfa
Sourced from https://pubmlst.org/data/alleles/spyogenes/gki.tfa

locus gtr
gtr.tfa
Sourced from https://pubmlst.org/data/alleles/spyogenes/gtr.tfa

locus murI
murI.tfa
Sourced from https://pubmlst.org/data/alleles/spyogenes/murI.tfa

locus mutS
mutS.tfa
Sourced from https://pubmlst.org/data/alleles/spyogenes/mutS.tfa

locus recP
recP.tfa
Sourced from https://pubmlst.org/data/alleles/spyogenes/recP.tfa

locus xpt
xpt.tfa
Sourced from https://pubmlst.org/data/alleles/spyogenes/xpt.tfa

locus yqiL
yqiL.tfa
Sourced from https://pubmlst.org/data/alleles/spyogenes/yqiL.tfa

all loci: Streptococcus_pyogenes.fasta
